# This is the CMakeCache file.
# For build in directory: /home/sambhu/Documents/netconf_pybind/_skbuild/linux-x86_64-3.11/cmake-build
# It was generated by CMake: /tmp/pip-build-env-0dx1gwzt/overlay/lib/python3.11/site-packages/cmake/data/bin/cmake
# You can edit this file to change values found and used by cmake.
# If you do not want to change any of the values, simply exit the editor.
# If you do want to change a value, simply edit, save, and exit the editor.
# The syntax for the file is as follows:
# KEY:TYPE=VALUE
# KEY is the name of a variable in the cache.
# TYPE is a hint to GUIs for the type of VALUE, DO NOT EDIT TYPE!.
# VALUE is the current value for the KEY.

########################
# EXTERNAL cache entries
########################

//Path to a program.
CMAKE_ADDR2LINE:FILEPATH=/usr/bin/addr2line

//Path to a program.
CMAKE_AR:FILEPATH=/usr/bin/ar

//No help, variable specified on the command line.
CMAKE_BUILD_TYPE:STRING=Release

//CXX compiler
CMAKE_CXX_COMPILER:FILEPATH=/usr/bin/c++

//A wrapper around 'ar' adding the appropriate '--plugin' option
// for the GCC compiler
CMAKE_CXX_COMPILER_AR:FILEPATH=/usr/bin/gcc-ar-9

//A wrapper around 'ranlib' adding the appropriate '--plugin' option
// for the GCC compiler
CMAKE_CXX_COMPILER_RANLIB:FILEPATH=/usr/bin/gcc-ranlib-9

//Flags used by the CXX compiler during all build types.
CMAKE_CXX_FLAGS:STRING=

//Flags used by the CXX compiler during DEBUG builds.
CMAKE_CXX_FLAGS_DEBUG:STRING=-g

//Flags used by the CXX compiler during MINSIZEREL builds.
CMAKE_CXX_FLAGS_MINSIZEREL:STRING=-Os -DNDEBUG

//Flags used by the CXX compiler during RELEASE builds.
CMAKE_CXX_FLAGS_RELEASE:STRING=-O3 -DNDEBUG

//Flags used by the CXX compiler during RELWITHDEBINFO builds.
CMAKE_CXX_FLAGS_RELWITHDEBINFO:STRING=-O2 -g -DNDEBUG

//C compiler
CMAKE_C_COMPILER:FILEPATH=/usr/bin/cc

//A wrapper around 'ar' adding the appropriate '--plugin' option
// for the GCC compiler
CMAKE_C_COMPILER_AR:FILEPATH=/usr/bin/gcc-ar-9

//A wrapper around 'ranlib' adding the appropriate '--plugin' option
// for the GCC compiler
CMAKE_C_COMPILER_RANLIB:FILEPATH=/usr/bin/gcc-ranlib-9

//Flags used by the C compiler during all build types.
CMAKE_C_FLAGS:STRING=

//Flags used by the C compiler during DEBUG builds.
CMAKE_C_FLAGS_DEBUG:STRING=-g

//Flags used by the C compiler during MINSIZEREL builds.
CMAKE_C_FLAGS_MINSIZEREL:STRING=-Os -DNDEBUG

//Flags used by the C compiler during RELEASE builds.
CMAKE_C_FLAGS_RELEASE:STRING=-O3 -DNDEBUG

//Flags used by the C compiler during RELWITHDEBINFO builds.
CMAKE_C_FLAGS_RELWITHDEBINFO:STRING=-O2 -g -DNDEBUG

//Path to a program.
CMAKE_DLLTOOL:FILEPATH=CMAKE_DLLTOOL-NOTFOUND

//Flags used by the linker during all build types.
CMAKE_EXE_LINKER_FLAGS:STRING=

//Flags used by the linker during DEBUG builds.
CMAKE_EXE_LINKER_FLAGS_DEBUG:STRING=

//Flags used by the linker during MINSIZEREL builds.
CMAKE_EXE_LINKER_FLAGS_MINSIZEREL:STRING=

//Flags used by the linker during RELEASE builds.
CMAKE_EXE_LINKER_FLAGS_RELEASE:STRING=

//Flags used by the linker during RELWITHDEBINFO builds.
CMAKE_EXE_LINKER_FLAGS_RELWITHDEBINFO:STRING=

//Enable/Disable output of build database during the build.
CMAKE_EXPORT_BUILD_DATABASE:BOOL=

//Enable/Disable output of compile commands during generation.
CMAKE_EXPORT_COMPILE_COMMANDS:BOOL=

//Value Computed by CMake.
CMAKE_FIND_PACKAGE_REDIRECTS_DIR:STATIC=/home/sambhu/Documents/netconf_pybind/_skbuild/linux-x86_64-3.11/cmake-build/CMakeFiles/pkgRedirects

//No help, variable specified on the command line.
CMAKE_INSTALL_PREFIX:PATH=/home/sambhu/Documents/netconf_pybind/_skbuild/linux-x86_64-3.11/cmake-install

//Path to a program.
CMAKE_LINKER:FILEPATH=/usr/bin/ld

//Program used to build from build.ninja files.
CMAKE_MAKE_PROGRAM:FILEPATH=/home/sambhu/Documents/netconf_pybind/my_new_venv/bin/ninja

//Flags used by the linker during the creation of modules during
// all build types.
CMAKE_MODULE_LINKER_FLAGS:STRING=

//Flags used by the linker during the creation of modules during
// DEBUG builds.
CMAKE_MODULE_LINKER_FLAGS_DEBUG:STRING=

//Flags used by the linker during the creation of modules during
// MINSIZEREL builds.
CMAKE_MODULE_LINKER_FLAGS_MINSIZEREL:STRING=

//Flags used by the linker during the creation of modules during
// RELEASE builds.
CMAKE_MODULE_LINKER_FLAGS_RELEASE:STRING=

//Flags used by the linker during the creation of modules during
// RELWITHDEBINFO builds.
CMAKE_MODULE_LINKER_FLAGS_RELWITHDEBINFO:STRING=

//No help, variable specified on the command line.
CMAKE_MODULE_PATH:PATH=/tmp/pip-build-env-0dx1gwzt/overlay/lib/python3.11/site-packages/skbuild/resources/cmake

//Path to a program.
CMAKE_NM:FILEPATH=/usr/bin/nm

//Path to a program.
CMAKE_OBJCOPY:FILEPATH=/usr/bin/objcopy

//Path to a program.
CMAKE_OBJDUMP:FILEPATH=/usr/bin/objdump

//Value Computed by CMake
CMAKE_PROJECT_DESCRIPTION:STATIC=

//Value Computed by CMake
CMAKE_PROJECT_HOMEPAGE_URL:STATIC=

//Value Computed by CMake
CMAKE_PROJECT_NAME:STATIC=pyNetX

//Path to a program.
CMAKE_RANLIB:FILEPATH=/usr/bin/ranlib

//Path to a program.
CMAKE_READELF:FILEPATH=/usr/bin/readelf

//Flags used by the linker during the creation of shared libraries
// during all build types.
CMAKE_SHARED_LINKER_FLAGS:STRING=

//Flags used by the linker during the creation of shared libraries
// during DEBUG builds.
CMAKE_SHARED_LINKER_FLAGS_DEBUG:STRING=

//Flags used by the linker during the creation of shared libraries
// during MINSIZEREL builds.
CMAKE_SHARED_LINKER_FLAGS_MINSIZEREL:STRING=

//Flags used by the linker during the creation of shared libraries
// during RELEASE builds.
CMAKE_SHARED_LINKER_FLAGS_RELEASE:STRING=

//Flags used by the linker during the creation of shared libraries
// during RELWITHDEBINFO builds.
CMAKE_SHARED_LINKER_FLAGS_RELWITHDEBINFO:STRING=

//If set, runtime paths are not added when installing shared libraries,
// but are added when building.
CMAKE_SKIP_INSTALL_RPATH:BOOL=NO

//If set, runtime paths are not added when using shared libraries.
CMAKE_SKIP_RPATH:BOOL=NO

//Flags used by the linker during the creation of static libraries
// during all build types.
CMAKE_STATIC_LINKER_FLAGS:STRING=

//Flags used by the linker during the creation of static libraries
// during DEBUG builds.
CMAKE_STATIC_LINKER_FLAGS_DEBUG:STRING=

//Flags used by the linker during the creation of static libraries
// during MINSIZEREL builds.
CMAKE_STATIC_LINKER_FLAGS_MINSIZEREL:STRING=

//Flags used by the linker during the creation of static libraries
// during RELEASE builds.
CMAKE_STATIC_LINKER_FLAGS_RELEASE:STRING=

//Flags used by the linker during the creation of static libraries
// during RELWITHDEBINFO builds.
CMAKE_STATIC_LINKER_FLAGS_RELWITHDEBINFO:STRING=

//Path to a program.
CMAKE_STRIP:FILEPATH=/usr/bin/strip

//Path to a program.
CMAKE_TAPI:FILEPATH=CMAKE_TAPI-NOTFOUND

//If this value is on, makefiles will be generated without the
// .SILENT directive, and all commands will be echoed to the console
// during the make.  This is useful for debugging only. With Visual
// Studio IDE projects all commands are done without /nologo.
CMAKE_VERBOSE_MAKEFILE:BOOL=FALSE

//Arguments to supply to pkg-config
PKG_CONFIG_ARGN:STRING=

//pkg-config executable
PKG_CONFIG_EXECUTABLE:FILEPATH=/usr/bin/pkg-config

//No help, variable specified on the command line.
PYTHON_EXECUTABLE:PATH=/home/sambhu/Documents/netconf_pybind/my_new_venv/bin/python3.11

//No help, variable specified on the command line.
PYTHON_INCLUDE_DIR:PATH=/usr/include/python3.11

//No help, variable specified on the command line.
PYTHON_LIBRARY:PATH=/usr/lib/x86_64-linux-gnu/libpython3.11.so

//No help, variable specified on the command line.
PYTHON_VERSION_STRING:STRING=3.11.11

//No help, variable specified on the command line.
Python3_EXECUTABLE:PATH=/home/sambhu/Documents/netconf_pybind/my_new_venv/bin/python3.11

//No help, variable specified on the command line.
Python3_FIND_REGISTRY:STRING=NEVER

//No help, variable specified on the command line.
Python3_INCLUDE_DIR:PATH=/usr/include/python3.11

//No help, variable specified on the command line.
Python3_ROOT_DIR:PATH=/home/sambhu/Documents/netconf_pybind/my_new_venv

//No help, variable specified on the command line.
Python_EXECUTABLE:PATH=/home/sambhu/Documents/netconf_pybind/my_new_venv/bin/python3.11

//No help, variable specified on the command line.
Python_FIND_REGISTRY:STRING=NEVER

//No help, variable specified on the command line.
Python_INCLUDE_DIR:PATH=/usr/include/python3.11

//No help, variable specified on the command line.
Python_ROOT_DIR:PATH=/home/sambhu/Documents/netconf_pybind/my_new_venv

//Path to a library.
pkgcfg_lib_LIBSSH_ssh:FILEPATH=/usr/lib/x86_64-linux-gnu/libssh.so

//Path to a library.
pkgcfg_lib_TINYXML2_tinyxml2:FILEPATH=/usr/lib/x86_64-linux-gnu/libtinyxml2.so

//Value Computed by CMake
pyNetX_BINARY_DIR:STATIC=/home/sambhu/Documents/netconf_pybind/_skbuild/linux-x86_64-3.11/cmake-build

//Value Computed by CMake
pyNetX_IS_TOP_LEVEL:STATIC=ON

//Value Computed by CMake
pyNetX_SOURCE_DIR:STATIC=/home/sambhu/Documents/netconf_pybind

//No help, variable specified on the command line.
pybind11_DIR:UNINITIALIZED=/home/sambhu/Documents/netconf_pybind/my_new_venv/lib/python3.11/site-packages/pybind11/share/cmake/pybind11


########################
# INTERNAL cache entries
########################

//ADVANCED property for variable: CMAKE_ADDR2LINE
CMAKE_ADDR2LINE-ADVANCED:INTERNAL=1
//ADVANCED property for variable: CMAKE_AR
CMAKE_AR-ADVANCED:INTERNAL=1
//This is the directory where this CMakeCache.txt was created
CMAKE_CACHEFILE_DIR:INTERNAL=/home/sambhu/Documents/netconf_pybind/_skbuild/linux-x86_64-3.11/cmake-build
//Major version of cmake used to create the current loaded cache
CMAKE_CACHE_MAJOR_VERSION:INTERNAL=3
//Minor version of cmake used to create the current loaded cache
CMAKE_CACHE_MINOR_VERSION:INTERNAL=31
//Patch version of cmake used to create the current loaded cache
CMAKE_CACHE_PATCH_VERSION:INTERNAL=4
//Path to CMake executable.
CMAKE_COMMAND:INTERNAL=/tmp/pip-build-env-0dx1gwzt/overlay/lib/python3.11/site-packages/cmake/data/bin/cmake
//Path to cpack program executable.
CMAKE_CPACK_COMMAND:INTERNAL=/tmp/pip-build-env-0dx1gwzt/overlay/lib/python3.11/site-packages/cmake/data/bin/cpack
//Path to ctest program executable.
CMAKE_CTEST_COMMAND:INTERNAL=/tmp/pip-build-env-0dx1gwzt/overlay/lib/python3.11/site-packages/cmake/data/bin/ctest
//ADVANCED property for variable: CMAKE_CXX_COMPILER
CMAKE_CXX_COMPILER-ADVANCED:INTERNAL=1
//ADVANCED property for variable: CMAKE_CXX_COMPILER_AR
CMAKE_CXX_COMPILER_AR-ADVANCED:INTERNAL=1
//ADVANCED property for variable: CMAKE_CXX_COMPILER_RANLIB
CMAKE_CXX_COMPILER_RANLIB-ADVANCED:INTERNAL=1
//ADVANCED property for variable: CMAKE_CXX_FLAGS
CMAKE_CXX_FLAGS-ADVANCED:INTERNAL=1
//ADVANCED property for variable: CMAKE_CXX_FLAGS_DEBUG
CMAKE_CXX_FLAGS_DEBUG-ADVANCED:INTERNAL=1
//ADVANCED property for variable: CMAKE_CXX_FLAGS_MINSIZEREL
CMAKE_CXX_FLAGS_MINSIZEREL-ADVANCED:INTERNAL=1
//ADVANCED property for variable: CMAKE_CXX_FLAGS_RELEASE
CMAKE_CXX_FLAGS_RELEASE-ADVANCED:INTERNAL=1
//ADVANCED property for variable: CMAKE_CXX_FLAGS_RELWITHDEBINFO
CMAKE_CXX_FLAGS_RELWITHDEBINFO-ADVANCED:INTERNAL=1
//ADVANCED property for variable: CMAKE_C_COMPILER
CMAKE_C_COMPILER-ADVANCED:INTERNAL=1
//ADVANCED property for variable: CMAKE_C_COMPILER_AR
CMAKE_C_COMPILER_AR-ADVANCED:INTERNAL=1
//ADVANCED property for variable: CMAKE_C_COMPILER_RANLIB
CMAKE_C_COMPILER_RANLIB-ADVANCED:INTERNAL=1
//ADVANCED property for variable: CMAKE_C_FLAGS
CMAKE_C_FLAGS-ADVANCED:INTERNAL=1
//ADVANCED property for variable: CMAKE_C_FLAGS_DEBUG
CMAKE_C_FLAGS_DEBUG-ADVANCED:INTERNAL=1
//ADVANCED property for variable: CMAKE_C_FLAGS_MINSIZEREL
CMAKE_C_FLAGS_MINSIZEREL-ADVANCED:INTERNAL=1
//ADVANCED property for variable: CMAKE_C_FLAGS_RELEASE
CMAKE_C_FLAGS_RELEASE-ADVANCED:INTERNAL=1
//ADVANCED property for variable: CMAKE_C_FLAGS_RELWITHDEBINFO
CMAKE_C_FLAGS_RELWITHDEBINFO-ADVANCED:INTERNAL=1
//ADVANCED property for variable: CMAKE_DLLTOOL
CMAKE_DLLTOOL-ADVANCED:INTERNAL=1
//Executable file format
CMAKE_EXECUTABLE_FORMAT:INTERNAL=ELF
//ADVANCED property for variable: CMAKE_EXE_LINKER_FLAGS
CMAKE_EXE_LINKER_FLAGS-ADVANCED:INTERNAL=1
//ADVANCED property for variable: CMAKE_EXE_LINKER_FLAGS_DEBUG
CMAKE_EXE_LINKER_FLAGS_DEBUG-ADVANCED:INTERNAL=1
//ADVANCED property for variable: CMAKE_EXE_LINKER_FLAGS_MINSIZEREL
CMAKE_EXE_LINKER_FLAGS_MINSIZEREL-ADVANCED:INTERNAL=1
//ADVANCED property for variable: CMAKE_EXE_LINKER_FLAGS_RELEASE
CMAKE_EXE_LINKER_FLAGS_RELEASE-ADVANCED:INTERNAL=1
//ADVANCED property for variable: CMAKE_EXE_LINKER_FLAGS_RELWITHDEBINFO
CMAKE_EXE_LINKER_FLAGS_RELWITHDEBINFO-ADVANCED:INTERNAL=1
//ADVANCED property for variable: CMAKE_EXPORT_BUILD_DATABASE
CMAKE_EXPORT_BUILD_DATABASE-ADVANCED:INTERNAL=1
//ADVANCED property for variable: CMAKE_EXPORT_COMPILE_COMMANDS
CMAKE_EXPORT_COMPILE_COMMANDS-ADVANCED:INTERNAL=1
//Name of external makefile project generator.
CMAKE_EXTRA_GENERATOR:INTERNAL=
//Name of generator.
CMAKE_GENERATOR:INTERNAL=Ninja
//Generator instance identifier.
CMAKE_GENERATOR_INSTANCE:INTERNAL=
//Name of generator platform.
CMAKE_GENERATOR_PLATFORM:INTERNAL=
//Name of generator toolset.
CMAKE_GENERATOR_TOOLSET:INTERNAL=
//Source directory with the top level CMakeLists.txt file for this
// project
CMAKE_HOME_DIRECTORY:INTERNAL=/home/sambhu/Documents/netconf_pybind
//Install .so files without execute permission.
CMAKE_INSTALL_SO_NO_EXE:INTERNAL=1
//ADVANCED property for variable: CMAKE_LINKER
CMAKE_LINKER-ADVANCED:INTERNAL=1
//ADVANCED property for variable: CMAKE_MAKE_PROGRAM
CMAKE_MAKE_PROGRAM-ADVANCED:INTERNAL=1
//ADVANCED property for variable: CMAKE_MODULE_LINKER_FLAGS
CMAKE_MODULE_LINKER_FLAGS-ADVANCED:INTERNAL=1
//ADVANCED property for variable: CMAKE_MODULE_LINKER_FLAGS_DEBUG
CMAKE_MODULE_LINKER_FLAGS_DEBUG-ADVANCED:INTERNAL=1
//ADVANCED property for variable: CMAKE_MODULE_LINKER_FLAGS_MINSIZEREL
CMAKE_MODULE_LINKER_FLAGS_MINSIZEREL-ADVANCED:INTERNAL=1
//ADVANCED property for variable: CMAKE_MODULE_LINKER_FLAGS_RELEASE
CMAKE_MODULE_LINKER_FLAGS_RELEASE-ADVANCED:INTERNAL=1
//ADVANCED property for variable: CMAKE_MODULE_LINKER_FLAGS_RELWITHDEBINFO
CMAKE_MODULE_LINKER_FLAGS_RELWITHDEBINFO-ADVANCED:INTERNAL=1
//ADVANCED property for variable: CMAKE_NM
CMAKE_NM-ADVANCED:INTERNAL=1
//number of local generators
CMAKE_NUMBER_OF_MAKEFILES:INTERNAL=1
//ADVANCED property for variable: CMAKE_OBJCOPY
CMAKE_OBJCOPY-ADVANCED:INTERNAL=1
//ADVANCED property for variable: CMAKE_OBJDUMP
CMAKE_OBJDUMP-ADVANCED:INTERNAL=1
//Platform information initialized
CMAKE_PLATFORM_INFO_INITIALIZED:INTERNAL=1
//ADVANCED property for variable: CMAKE_RANLIB
CMAKE_RANLIB-ADVANCED:INTERNAL=1
//ADVANCED property for variable: CMAKE_READELF
CMAKE_READELF-ADVANCED:INTERNAL=1
//Path to CMake installation.
CMAKE_ROOT:INTERNAL=/tmp/pip-build-env-0dx1gwzt/overlay/lib/python3.11/site-packages/cmake/data/share/cmake-3.31
//ADVANCED property for variable: CMAKE_SHARED_LINKER_FLAGS
CMAKE_SHARED_LINKER_FLAGS-ADVANCED:INTERNAL=1
//ADVANCED property for variable: CMAKE_SHARED_LINKER_FLAGS_DEBUG
CMAKE_SHARED_LINKER_FLAGS_DEBUG-ADVANCED:INTERNAL=1
//ADVANCED property for variable: CMAKE_SHARED_LINKER_FLAGS_MINSIZEREL
CMAKE_SHARED_LINKER_FLAGS_MINSIZEREL-ADVANCED:INTERNAL=1
//ADVANCED property for variable: CMAKE_SHARED_LINKER_FLAGS_RELEASE
CMAKE_SHARED_LINKER_FLAGS_RELEASE-ADVANCED:INTERNAL=1
//ADVANCED property for variable: CMAKE_SHARED_LINKER_FLAGS_RELWITHDEBINFO
CMAKE_SHARED_LINKER_FLAGS_RELWITHDEBINFO-ADVANCED:INTERNAL=1
//ADVANCED property for variable: CMAKE_SKIP_INSTALL_RPATH
CMAKE_SKIP_INSTALL_RPATH-ADVANCED:INTERNAL=1
//ADVANCED property for variable: CMAKE_SKIP_RPATH
CMAKE_SKIP_RPATH-ADVANCED:INTERNAL=1
//ADVANCED property for variable: CMAKE_STATIC_LINKER_FLAGS
CMAKE_STATIC_LINKER_FLAGS-ADVANCED:INTERNAL=1
//ADVANCED property for variable: CMAKE_STATIC_LINKER_FLAGS_DEBUG
CMAKE_STATIC_LINKER_FLAGS_DEBUG-ADVANCED:INTERNAL=1
//ADVANCED property for variable: CMAKE_STATIC_LINKER_FLAGS_MINSIZEREL
CMAKE_STATIC_LINKER_FLAGS_MINSIZEREL-ADVANCED:INTERNAL=1
//ADVANCED property for variable: CMAKE_STATIC_LINKER_FLAGS_RELEASE
CMAKE_STATIC_LINKER_FLAGS_RELEASE-ADVANCED:INTERNAL=1
//ADVANCED property for variable: CMAKE_STATIC_LINKER_FLAGS_RELWITHDEBINFO
CMAKE_STATIC_LINKER_FLAGS_RELWITHDEBINFO-ADVANCED:INTERNAL=1
//ADVANCED property for variable: CMAKE_STRIP
CMAKE_STRIP-ADVANCED:INTERNAL=1
//ADVANCED property for variable: CMAKE_TAPI
CMAKE_TAPI-ADVANCED:INTERNAL=1
//uname command
CMAKE_UNAME:INTERNAL=/usr/bin/uname
//ADVANCED property for variable: CMAKE_VERBOSE_MAKEFILE
CMAKE_VERBOSE_MAKEFILE-ADVANCED:INTERNAL=1
//Details about finding PkgConfig
FIND_PACKAGE_MESSAGE_DETAILS_PkgConfig:INTERNAL=[/usr/bin/pkg-config][v0.29.1()]
//Details about finding Python
FIND_PACKAGE_MESSAGE_DETAILS_Python:INTERNAL=[/home/sambhu/Documents/netconf_pybind/my_new_venv/bin/python3.11][/usr/include/python3.11][/usr/lib/x86_64-linux-gnu/libpython3.11.so][cfound components: Interpreter Development Development.Module Development.Embed ][v3.11.11()]
//Test HAS_FLTO
HAS_FLTO:INTERNAL=1
LIBSSH_CFLAGS:INTERNAL=-I/usr/include
LIBSSH_CFLAGS_I:INTERNAL=
LIBSSH_CFLAGS_OTHER:INTERNAL=
LIBSSH_FOUND:INTERNAL=1
LIBSSH_INCLUDEDIR:INTERNAL=
LIBSSH_INCLUDE_DIRS:INTERNAL=/usr/include
LIBSSH_LDFLAGS:INTERNAL=-L/usr/lib/x86_64-linux-gnu;-lssh
LIBSSH_LDFLAGS_OTHER:INTERNAL=
LIBSSH_LIBDIR:INTERNAL=
LIBSSH_LIBRARIES:INTERNAL=ssh
LIBSSH_LIBRARY_DIRS:INTERNAL=/usr/lib/x86_64-linux-gnu
LIBSSH_LIBS:INTERNAL=
LIBSSH_LIBS_L:INTERNAL=
LIBSSH_LIBS_OTHER:INTERNAL=
LIBSSH_LIBS_PATHS:INTERNAL=
LIBSSH_MODULE_NAME:INTERNAL=libssh
LIBSSH_PREFIX:INTERNAL=
LIBSSH_STATIC_CFLAGS:INTERNAL=-I/usr/include
LIBSSH_STATIC_CFLAGS_I:INTERNAL=
LIBSSH_STATIC_CFLAGS_OTHER:INTERNAL=
LIBSSH_STATIC_INCLUDE_DIRS:INTERNAL=/usr/include
LIBSSH_STATIC_LDFLAGS:INTERNAL=-L/usr/lib/x86_64-linux-gnu;-lssh
LIBSSH_STATIC_LDFLAGS_OTHER:INTERNAL=
LIBSSH_STATIC_LIBDIR:INTERNAL=
LIBSSH_STATIC_LIBRARIES:INTERNAL=ssh
LIBSSH_STATIC_LIBRARY_DIRS:INTERNAL=/usr/lib/x86_64-linux-gnu
LIBSSH_STATIC_LIBS:INTERNAL=
LIBSSH_STATIC_LIBS_L:INTERNAL=
LIBSSH_STATIC_LIBS_OTHER:INTERNAL=
LIBSSH_STATIC_LIBS_PATHS:INTERNAL=
LIBSSH_VERSION:INTERNAL=0.9.3
LIBSSH_libssh_INCLUDEDIR:INTERNAL=
LIBSSH_libssh_LIBDIR:INTERNAL=
LIBSSH_libssh_PREFIX:INTERNAL=
LIBSSH_libssh_VERSION:INTERNAL=
//ADVANCED property for variable: PKG_CONFIG_ARGN
PKG_CONFIG_ARGN-ADVANCED:INTERNAL=1
//ADVANCED property for variable: PKG_CONFIG_EXECUTABLE
PKG_CONFIG_EXECUTABLE-ADVANCED:INTERNAL=1
//Python executable during the last CMake run
PYBIND11_PYTHON_EXECUTABLE_LAST:INTERNAL=/home/sambhu/Documents/netconf_pybind/my_new_venv/bin/python3.11
//Python debug status
PYTHON_IS_DEBUG:INTERNAL=0
PYTHON_MODULE_DEBUG_POSTFIX:INTERNAL=
PYTHON_MODULE_EXTENSION:INTERNAL=.cpython-311-x86_64-linux-gnu.so
//No help, variable specified on the command line.
SKBUILD:INTERNAL=TRUE
TINYXML2_CFLAGS:INTERNAL=-I/usr/include
TINYXML2_CFLAGS_I:INTERNAL=
TINYXML2_CFLAGS_OTHER:INTERNAL=
TINYXML2_FOUND:INTERNAL=1
TINYXML2_INCLUDEDIR:INTERNAL=/usr/include
TINYXML2_INCLUDE_DIRS:INTERNAL=/usr/include
TINYXML2_LDFLAGS:INTERNAL=-L/usr/lib/x86_64-linux-gnu;-ltinyxml2
TINYXML2_LDFLAGS_OTHER:INTERNAL=
TINYXML2_LIBDIR:INTERNAL=/usr/lib/x86_64-linux-gnu
TINYXML2_LIBRARIES:INTERNAL=tinyxml2
TINYXML2_LIBRARY_DIRS:INTERNAL=/usr/lib/x86_64-linux-gnu
TINYXML2_LIBS:INTERNAL=
TINYXML2_LIBS_L:INTERNAL=
TINYXML2_LIBS_OTHER:INTERNAL=
TINYXML2_LIBS_PATHS:INTERNAL=
TINYXML2_MODULE_NAME:INTERNAL=tinyxml2
TINYXML2_PREFIX:INTERNAL=/usr
TINYXML2_STATIC_CFLAGS:INTERNAL=-I/usr/include
TINYXML2_STATIC_CFLAGS_I:INTERNAL=
TINYXML2_STATIC_CFLAGS_OTHER:INTERNAL=
TINYXML2_STATIC_INCLUDE_DIRS:INTERNAL=/usr/include
TINYXML2_STATIC_LDFLAGS:INTERNAL=-L/usr/lib/x86_64-linux-gnu;-ltinyxml2
TINYXML2_STATIC_LDFLAGS_OTHER:INTERNAL=
TINYXML2_STATIC_LIBDIR:INTERNAL=
TINYXML2_STATIC_LIBRARIES:INTERNAL=tinyxml2
TINYXML2_STATIC_LIBRARY_DIRS:INTERNAL=/usr/lib/x86_64-linux-gnu
TINYXML2_STATIC_LIBS:INTERNAL=
TINYXML2_STATIC_LIBS_L:INTERNAL=
TINYXML2_STATIC_LIBS_OTHER:INTERNAL=
TINYXML2_STATIC_LIBS_PATHS:INTERNAL=
TINYXML2_VERSION:INTERNAL=6.2.0
TINYXML2_tinyxml2_INCLUDEDIR:INTERNAL=
TINYXML2_tinyxml2_LIBDIR:INTERNAL=
TINYXML2_tinyxml2_PREFIX:INTERNAL=
TINYXML2_tinyxml2_VERSION:INTERNAL=
//linker supports push/pop state
_CMAKE_CXX_LINKER_PUSHPOP_STATE_SUPPORTED:INTERNAL=TRUE
//linker supports push/pop state
_CMAKE_C_LINKER_PUSHPOP_STATE_SUPPORTED:INTERNAL=TRUE
//linker supports push/pop state
_CMAKE_LINKER_PUSHPOP_STATE_SUPPORTED:INTERNAL=TRUE
_PYBIND11_CROSSCOMPILING:INTERNAL=OFF
_Python:INTERNAL=Python
//Compiler reason failure
_Python_Compiler_REASON_FAILURE:INTERNAL=
_Python_DEVELOPMENT_EMBED_SIGNATURE:INTERNAL=36bc1cbacef0b2ce62b6c973cfffee8d
_Python_DEVELOPMENT_MODULE_SIGNATURE:INTERNAL=29e538b6a523058c3d8bd59d663c446e
//Development reason failure
_Python_Development_REASON_FAILURE:INTERNAL=
_Python_EXECUTABLE:INTERNAL=/home/sambhu/Documents/netconf_pybind/my_new_venv/bin/python3.11
_Python_INCLUDE_DIR:INTERNAL=/usr/include/python3.11
//Python Properties
_Python_INTERPRETER_PROPERTIES:INTERNAL=Python;3;11;11;64;<none>;cpython-311-x86_64-linux-gnu;abi3;/usr/lib/python3.11;/home/sambhu/Documents/netconf_pybind/my_new_venv/lib/python3.11;/home/sambhu/Documents/netconf_pybind/my_new_venv/lib/python3.11/site-packages;/home/sambhu/Documents/netconf_pybind/my_new_venv/lib/python3.11/site-packages
_Python_INTERPRETER_SIGNATURE:INTERNAL=ecee7aca87dcec8fd64258b3db53127a
//Path to a library.
_Python_LIBRARY_RELEASE:INTERNAL=/usr/lib/x86_64-linux-gnu/libpython3.11.so
//NumPy reason failure
_Python_NumPy_REASON_FAILURE:INTERNAL=
__pkg_config_arguments_LIBSSH:INTERNAL=REQUIRED;libssh
__pkg_config_arguments_TINYXML2:INTERNAL=REQUIRED;tinyxml2
__pkg_config_checked_LIBSSH:INTERNAL=1
__pkg_config_checked_TINYXML2:INTERNAL=1
//ADVANCED property for variable: pkgcfg_lib_LIBSSH_ssh
pkgcfg_lib_LIBSSH_ssh-ADVANCED:INTERNAL=1
//ADVANCED property for variable: pkgcfg_lib_TINYXML2_tinyxml2
pkgcfg_lib_TINYXML2_tinyxml2-ADVANCED:INTERNAL=1
prefix_result:INTERNAL=/usr/lib/x86_64-linux-gnu
//Directories where pybind11 and possibly Python headers are located
pybind11_INCLUDE_DIRS:INTERNAL=/home/sambhu/Documents/netconf_pybind/my_new_venv/lib/python3.11/site-packages/pybind11/include;/usr/include/python3.11

